<?xml version="1.0" encoding="UTF-8"?>
<!-- Generated by org.testng.reporters.JUnitXMLReporter -->
<testsuite ignored="0" hostname="DESKTOP-A8AOGG1" failures="0" tests="3" name="Default test" time="2.61" errors="0" timestamp="2024-08-10T16:13:55 IST">
  <testcase classname="LibraryAPITest.LibraryAPITestCase" name="addBook" time="2.272"/>
  <testcase classname="LibraryAPITest.LibraryAPITestCase" name="addBook" time="0.137"/>
  <testcase classname="LibraryAPITest.LibraryAPITestCase" name="addBook" time="0.143"/>
</testsuite> <!-- Default test -->
