<?xml version="1.0" encoding="UTF-8"?>
<testng-results ignored="0" total="8" passed="8" failed="0" skipped="0">
  <reporter-output>
  </reporter-output>
  <suite started-at="2025-01-19T20:48:48 IST" name="Default suite" finished-at="2025-01-19T20:49:02 IST" duration-ms="14708">
    <groups>
    </groups>
    <test started-at="2025-01-19T20:48:48 IST" name="Default test" finished-at="2025-01-19T20:49:02 IST" duration-ms="14708">
      <class name="swaggerUser_OperationsAboutUser.User">
        <test-method is-config="true" signature="setup()[pri:0, instance:swaggerUser_OperationsAboutUser.User@729d991e]" started-at="2025-01-19T20:48:48 IST" name="setup" finished-at="2025-01-19T20:48:49 IST" duration-ms="1425" status="PASS">
          <reporter-output>
          </reporter-output>
        </test-method> <!-- setup -->
        <test-method signature="createUser()[pri:0, instance:swaggerUser_OperationsAboutUser.User@729d991e]" started-at="2025-01-19T20:48:49 IST" name="createUser" finished-at="2025-01-19T20:48:53 IST" duration-ms="4347" status="PASS">
          <reporter-output>
          </reporter-output>
        </test-method> <!-- createUser -->
        <test-method signature="getUser()[pri:1, instance:swaggerUser_OperationsAboutUser.User@729d991e]" started-at="2025-01-19T20:48:53 IST" name="getUser" finished-at="2025-01-19T20:48:55 IST" duration-ms="1369" status="PASS">
          <reporter-output>
          </reporter-output>
        </test-method> <!-- getUser -->
        <test-method signature="updateUser()[pri:2, instance:swaggerUser_OperationsAboutUser.User@729d991e]" started-at="2025-01-19T20:48:55 IST" name="updateUser" finished-at="2025-01-19T20:48:56 IST" duration-ms="1299" status="PASS">
          <reporter-output>
          </reporter-output>
        </test-method> <!-- updateUser -->
        <test-method signature="getUpdatedUser()[pri:3, instance:swaggerUser_OperationsAboutUser.User@729d991e]" started-at="2025-01-19T20:48:56 IST" name="getUpdatedUser" finished-at="2025-01-19T20:48:57 IST" duration-ms="1263" status="PASS">
          <reporter-output>
          </reporter-output>
        </test-method> <!-- getUpdatedUser -->
        <test-method signature="loginUser()[pri:4, instance:swaggerUser_OperationsAboutUser.User@729d991e]" started-at="2025-01-19T20:48:57 IST" name="loginUser" finished-at="2025-01-19T20:48:59 IST" duration-ms="1240" status="PASS">
          <reporter-output>
          </reporter-output>
        </test-method> <!-- loginUser -->
        <test-method signature="logoutUser()[pri:5, instance:swaggerUser_OperationsAboutUser.User@729d991e]" started-at="2025-01-19T20:48:59 IST" name="logoutUser" finished-at="2025-01-19T20:49:00 IST" duration-ms="1253" status="PASS">
          <reporter-output>
          </reporter-output>
        </test-method> <!-- logoutUser -->
        <test-method signature="deleteUser()[pri:6, instance:swaggerUser_OperationsAboutUser.User@729d991e]" started-at="2025-01-19T20:49:00 IST" name="deleteUser" finished-at="2025-01-19T20:49:01 IST" duration-ms="1203" status="PASS">
          <reporter-output>
          </reporter-output>
        </test-method> <!-- deleteUser -->
        <test-method signature="getUserAfterDelete()[pri:7, instance:swaggerUser_OperationsAboutUser.User@729d991e]" started-at="2025-01-19T20:49:01 IST" name="getUserAfterDelete" finished-at="2025-01-19T20:49:02 IST" duration-ms="1218" status="PASS">
          <reporter-output>
          </reporter-output>
        </test-method> <!-- getUserAfterDelete -->
      </class> <!-- swaggerUser_OperationsAboutUser.User -->
    </test> <!-- Default test -->
  </suite> <!-- Default suite -->
</testng-results>
