<?xml version="1.0" encoding="UTF-8"?>
<testng-results ignored="0" total="3" passed="3" failed="0" skipped="0">
  <reporter-output>
  </reporter-output>
  <suite started-at="2024-08-10T16:13:52 IST" name="Default suite" finished-at="2024-08-10T16:13:55 IST" duration-ms="2610">
    <groups>
    </groups>
    <test started-at="2024-08-10T16:13:52 IST" name="Default test" finished-at="2024-08-10T16:13:55 IST" duration-ms="2610">
      <class name="LibraryAPITest.LibraryAPITestCase">
        <test-method signature="addBook(java.lang.String,java.lang.String)[pri:0, instance:LibraryAPITest.LibraryAPITestCase@f5acb9d]" started-at="2024-08-10T16:13:52 IST" name="addBook" data-provider="BooksData" finished-at="2024-08-10T16:13:54 IST" duration-ms="2272" status="PASS">
          <params>
            <param index="0">
              <value>
                <![CDATA[edffrv]]>
              </value>
            </param>
            <param index="1">
              <value>
                <![CDATA[22323]]>
              </value>
            </param>
          </params>
          <reporter-output>
          </reporter-output>
        </test-method> <!-- addBook -->
        <test-method signature="addBook(java.lang.String,java.lang.String)[pri:0, instance:LibraryAPITest.LibraryAPITestCase@f5acb9d]" started-at="2024-08-10T16:13:54 IST" name="addBook" data-provider="BooksData" finished-at="2024-08-10T16:13:55 IST" duration-ms="137" status="PASS">
          <params>
            <param index="0">
              <value>
                <![CDATA[efsfr]]>
              </value>
            </param>
            <param index="1">
              <value>
                <![CDATA[23241]]>
              </value>
            </param>
          </params>
          <reporter-output>
          </reporter-output>
        </test-method> <!-- addBook -->
        <test-method signature="addBook(java.lang.String,java.lang.String)[pri:0, instance:LibraryAPITest.LibraryAPITestCase@f5acb9d]" started-at="2024-08-10T16:13:55 IST" name="addBook" data-provider="BooksData" finished-at="2024-08-10T16:13:55 IST" duration-ms="143" status="PASS">
          <params>
            <param index="0">
              <value>
                <![CDATA[effrv]]>
              </value>
            </param>
            <param index="1">
              <value>
                <![CDATA[22322]]>
              </value>
            </param>
          </params>
          <reporter-output>
          </reporter-output>
        </test-method> <!-- addBook -->
      </class> <!-- LibraryAPITest.LibraryAPITestCase -->
    </test> <!-- Default test -->
  </suite> <!-- Default suite -->
</testng-results>
