<?xml version="1.0" encoding="UTF-8"?>
<!-- Generated by org.testng.reporters.JUnitReportReporter -->
<testsuite hostname="DESKTOP-A8AOGG1" failures="0" tests="8" name="swaggerUser_OperationsAboutUser.User" time="13.192" errors="0" timestamp="2025-01-19T20:49:03 IST" skipped="0">
  <testcase classname="swaggerUser_OperationsAboutUser.User" name="createUser" time="4.347"/>
  <system-out/>
  <testcase classname="swaggerUser_OperationsAboutUser.User" name="getUser" time="1.369"/>
  <system-out/>
  <testcase classname="swaggerUser_OperationsAboutUser.User" name="updateUser" time="1.299"/>
  <system-out/>
  <testcase classname="swaggerUser_OperationsAboutUser.User" name="getUpdatedUser" time="1.263"/>
  <system-out/>
  <testcase classname="swaggerUser_OperationsAboutUser.User" name="loginUser" time="1.240"/>
  <system-out/>
  <testcase classname="swaggerUser_OperationsAboutUser.User" name="logoutUser" time="1.253"/>
  <system-out/>
  <testcase classname="swaggerUser_OperationsAboutUser.User" name="deleteUser" time="1.203"/>
  <system-out/>
  <testcase classname="swaggerUser_OperationsAboutUser.User" name="getUserAfterDelete" time="1.218"/>
  <system-out/>
</testsuite> <!-- swaggerUser_OperationsAboutUser.User -->
