<?xml version="1.0" encoding="UTF-8"?>
<!-- Generated by org.testng.reporters.JUnitReportReporter -->
<testsuite hostname="DESKTOP-A8AOGG1" failures="0" tests="2" name="TestPractice.GetAndPost" time="6.276" errors="0" timestamp="2025-01-19T11:36:42 IST" skipped="1">
  <testcase classname="TestPractice.GetAndPost" name="testPost" time="6.276"/>
  <system-out/>
  <testcase classname="TestPractice.GetAndPost" name="testGet">
    <skipped/>
  </testcase> <!-- testGet -->
  <system-out/>
</testsuite> <!-- TestPractice.GetAndPost -->
