<?xml version="1.0" encoding="UTF-8"?>
<!-- Generated by org.testng.reporters.JUnitReportReporter -->
<testsuite hostname="DESKTOP-A8AOGG1" failures="0" tests="2" name="tests.GetAndPostExamples" time="6.305" errors="0" timestamp="2025-01-19T09:59:10 IST" skipped="0">
  <testcase classname="tests.GetAndPostExamples" name="testGet" time="5.695"/>
  <system-out/>
  <testcase classname="tests.GetAndPostExamples" name="testPost" time="0.610"/>
  <system-out/>
</testsuite> <!-- tests.GetAndPostExamples -->
